<?xml version="1.0" encoding="UTF-8"?>
<!-- Generated by org.testng.reporters.JUnitXMLReporter -->
<testsuite ignored="0" hostname="LAPTOP-67IP7G5E" failures="1" tests="1" name="Test" time="3.586" errors="0" timestamp="2025-09-08T17:01:49 IST">
  <testcase classname="com.testcases.ReqResGetUser" name="sampleTest" time="2.977">
    <failure type="java.lang.AssertionError" message="Expected value missmatched expected [Brettt] but found [Bret]">
      <![CDATA[java.lang.AssertionError: Expected value missmatched expected [Brettt] but found [Bret]
at com.utilities.RestBase.verifyFieldValueInResponse(RestBase.java:97)
at com.testcases.ReqResGetUser.sampleTest(ReqResGetUser.java:20)
at java.base/java.util.ArrayList.forEach(ArrayList.java:1511)
... Removed 32 stack frames]]>
    </failure>
  </testcase> <!-- sampleTest -->
</testsuite> <!-- Test -->
